info it worked if it ends with ok
verbose cli [ 'node', '/usr/local/bin/npm', 'install', 'child_process' ]
info using npm@1.1.0-beta-4
info using node@v0.6.6
verbose config file /home/user/.npmrc
verbose config file /usr/local/etc/npmrc
verbose config file /usr/local/lib/node_modules/npm/npmrc
verbose caching /home/user/riak-js/package.json
verbose loadDefaults riak-js@0.4.1
verbose caching /home/user/riak-js/node_modules/vows/package.json
verbose loadDefaults vows@0.6.1
verbose caching /home/user/riak-js/node_modules/coffee-script/package.json
verbose loadDefaults coffee-script@1.2.0
verbose from cache /home/user/riak-js/package.json
verbose into /home/user/riak-js [ 'child_process' ]
verbose cache add child_process
verbose cache add [ 'child_process', null ]
silly cache add: name, spec, args [ undefined, 'child_process', [ 'child_process', null ] ]
verbose parsed url { pathname: 'child_process',
verbose parsed url   path: 'child_process',
verbose parsed url   href: 'child_process' }
verbose addNamed [ 'child_process', '' ]
verbose addNamed [ null, '' ]
silly name, range, hasData [ 'child_process', '', false ]
verbose raw, before any munging child_process
verbose url resolving [ 'https://registry.npmjs.org/', './child_process' ]
verbose url resolved https://registry.npmjs.org/child_process
http GET https://registry.npmjs.org/child_process
http 404 https://registry.npmjs.org/child_process
silly get cb [ 304, undefined ]
verbose mkdir (expected) error ENOENT, no such file or directory '/home/user/.npm/child_process'
verbose mkdir done: /home/user/.npm/child_process 755
silly name, range, hasData 2 [ 'child_process', '', true ]
ERR! TypeError: Object.keys called on non-object
ERR!     at Function.keys (native)
ERR!     at next_ (/usr/local/lib/node_modules/npm/lib/cache.js:428:34)
ERR!     at next (/usr/local/lib/node_modules/npm/lib/cache.js:415:44)
ERR!     at /usr/local/lib/node_modules/npm/lib/cache.js:408:5
ERR!     at Object.saved [as oncomplete] (/usr/local/lib/node_modules/npm/lib/utils/npm-registry-client/get.js:147:7)
ERR! Report this *entire* log at:
ERR!     <http://github.com/isaacs/npm/issues>
ERR! or email it to:
ERR!     <npm-@googlegroups.com>
ERR! 
ERR! System Linux 3.1.0-1-686-pae
ERR! command "node" "/usr/local/bin/npm" "install" "child_process"
ERR! cwd /home/user/riak-js
ERR! node -v v0.6.6
ERR! npm -v 1.1.0-beta-4
ERR! type obj_ctor_property_non_object
ERR! arguments [ 'keys' ]
ERR! message Object.keys called on non-object
verbose exit [ 1, true ]
